<?xml version="1.0" encoding="UTF-8"?>
<!-- Generated by org.testng.reporters.JUnitXMLReporter -->
<testsuite hostname="DESKTOP-STF68KI" name="Login test" tests="3" failures="0" timestamp="17 Mar 2020 21:25:26 GMT" time="41.393" errors="0">
  <testcase name="browser_setup" time="23.989" classname="com.testcases.TestCasesExecution"/>
  <testcase name="login_homePage" time="5.509" classname="com.testcases.TestCasesExecution"/>
  <testcase name="quote_creation" time="11.824" classname="com.testcases.TestCasesExecution"/>
</testsuite> <!-- Login test -->
