<?xml version="1.0" encoding="UTF-8"?>
<testng-results skipped="0" failed="0" total="2" passed="2">
  <reporter-output>
  </reporter-output>
  <suite name="Login Suit" duration-ms="48524" started-at="2020-02-19T10:11:44Z" finished-at="2020-02-19T10:12:33Z">
    <groups>
    </groups>
    <test name="Login test" duration-ms="48524" started-at="2020-02-19T10:11:44Z" finished-at="2020-02-19T10:12:33Z">
      <class name="com.testcases.TestCasesExecution">
        <test-method status="PASS" signature="browser_setup()[pri:0, instance:com.testcases.TestCasesExecution@68c4039c]" name="browser_setup" duration-ms="43648" started-at="2020-02-19T15:41:45Z" finished-at="2020-02-19T15:42:28Z">
          <reporter-output>
          </reporter-output>
        </test-method> <!-- browser_setup -->
        <test-method status="PASS" signature="login_homePage()[pri:0, instance:com.testcases.TestCasesExecution@68c4039c]" name="login_homePage" duration-ms="4823" started-at="2020-02-19T15:42:28Z" finished-at="2020-02-19T15:42:33Z">
          <reporter-output>
          </reporter-output>
        </test-method> <!-- login_homePage -->
      </class> <!-- com.testcases.TestCasesExecution -->
    </test> <!-- Login test -->
  </suite> <!-- Login Suit -->
</testng-results>
